0 info it worked if it ends with ok
1 verbose cli [ '/usr/local/Cellar/node/7.4.0/bin/node',
1 verbose cli   '/usr/local/bin/npm',
1 verbose cli   'start' ]
2 info using npm@4.0.5
3 info using node@v7.4.0
4 verbose run-script [ 'prestart', 'start', 'poststart' ]
5 info lifecycle marchmadnessbot@1.0.0~prestart: marchmadnessbot@1.0.0
6 silly lifecycle marchmadnessbot@1.0.0~prestart: no script for prestart, continuing
7 info lifecycle marchmadnessbot@1.0.0~start: marchmadnessbot@1.0.0
8 verbose lifecycle marchmadnessbot@1.0.0~start: unsafe-perm in lifecycle true
9 verbose lifecycle marchmadnessbot@1.0.0~start: PATH: /usr/local/lib/node_modules/npm/bin/node-gyp-bin:/Users/kyleohanian/Desktop/MarchMadnessBot/node_modules/.bin:/Users/kyleohanian/.fastlane/bin:/Library/Frameworks/Python.framework/Versions/3.6/bin:/Users/kyleohanian/.rvm/gems/ruby-2.2.1/bin:/Users/kyleohanian/.rvm/gems/ruby-2.2.1@global/bin:/Users/kyleohanian/.rvm/rubies/ruby-2.2.1/bin:/usr/local/bin:/usr/bin:/bin:/usr/sbin:/sbin:/opt/X11/bin:/usr/local/share/dotnet:/Library/Frameworks/Mono.framework/Versions/Current/Commands:/Library/TeX/texbin:/Users/kyleohanian/.rvm/bin
10 verbose lifecycle marchmadnessbot@1.0.0~start: CWD: /Users/kyleohanian/Desktop/MarchMadnessBot
11 silly lifecycle marchmadnessbot@1.0.0~start: Args: [ '-c', 'babel-node index.js --presets es2015,stage-2' ]
12 info lifecycle marchmadnessbot@1.0.0~start: Failed to exec start script
13 verbose stack Error: marchmadnessbot@1.0.0 start: `babel-node index.js --presets es2015,stage-2`
13 verbose stack spawn ENOENT
13 verbose stack     at ChildProcess.<anonymous> (/usr/local/lib/node_modules/npm/lib/utils/spawn.js:33:16)
13 verbose stack     at emitTwo (events.js:106:13)
13 verbose stack     at ChildProcess.emit (events.js:191:7)
13 verbose stack     at maybeClose (internal/child_process.js:885:16)
13 verbose stack     at Process.ChildProcess._handle.onexit (internal/child_process.js:226:5)
14 verbose pkgid marchmadnessbot@1.0.0
15 verbose cwd /Users/kyleohanian/Desktop/MarchMadnessBot
16 error Darwin 16.7.0
17 error argv "/usr/local/Cellar/node/7.4.0/bin/node" "/usr/local/bin/npm" "start"
18 error node v7.4.0
19 error npm  v4.0.5
20 error file sh
21 error code ELIFECYCLE
22 error errno ENOENT
23 error syscall spawn
24 error marchmadnessbot@1.0.0 start: `babel-node index.js --presets es2015,stage-2`
24 error spawn ENOENT
25 error Failed at the marchmadnessbot@1.0.0 start script 'babel-node index.js --presets es2015,stage-2'.
25 error Make sure you have the latest version of node.js and npm installed.
25 error If you do, this is most likely a problem with the marchmadnessbot package,
25 error not with npm itself.
25 error Tell the author that this fails on your system:
25 error     babel-node index.js --presets es2015,stage-2
25 error You can get information on how to open an issue for this project with:
25 error     npm bugs marchmadnessbot
25 error Or if that isn't available, you can get their info via:
25 error     npm owner ls marchmadnessbot
25 error There is likely additional logging output above.
26 verbose exit [ 1, true ]
